<?xml version="1.0" encoding="UTF-8"?>
<testsuite name="com.example.coachserver.ModelOutputCleanerTest" tests="7" skipped="0" failures="0" errors="0" timestamp="2026-08-06T03:25:54.808Z" hostname="runnervmvrwv9" time="0.009">
  <properties/>
  <testcase name="leading scratchpad lines observed in production are dropped()" classname="com.example.coachserver.ModelOutputCleanerTest" time="0.0"/>
  <testcase name="an unclosed think block running to the end is removed()" classname="com.example.coachserver.ModelOutputCleanerTest" time="0.0"/>
  <testcase name="a note appearing mid-answer is not removed()" classname="com.example.coachserver.ModelOutputCleanerTest" time="0.001"/>
  <testcase name="a think block is removed()" classname="com.example.coachserver.ModelOutputCleanerTest" time="0.0"/>
  <testcase name="a json code fence is unwrapped()" classname="com.example.coachserver.ModelOutputCleanerTest" time="0.001"/>
  <testcase name="prose is never rewritten()" classname="com.example.coachserver.ModelOutputCleanerTest" time="0.001"/>
  <testcase name="an all-scratchpad response is left intact so it fails as invalid, not empty()" classname="com.example.coachserver.ModelOutputCleanerTest" time="0.0"/>
  <system-out><![CDATA[]]></system-out>
  <system-err><![CDATA[]]></system-err>
</testsuite>
