<?xml version="1.0" encoding="UTF-8"?>
<testsuite name="com.example.coachserver.SentenceCountingTest" tests="6" skipped="0" failures="0" errors="0" timestamp="2026-08-06T03:26:08.893Z" hostname="runnervmvrwv9" time="0.004">
  <properties/>
  <testcase name="genuine sentence boundaries still split()" classname="com.example.coachserver.SentenceCountingTest" time="0.001"/>
  <testcase name="a black-move ellipsis does not split a sentence()" classname="com.example.coachserver.SentenceCountingTest" time="0.001"/>
  <testcase name="restoring the mask does not corrupt ordinary spacing()" classname="com.example.coachserver.SentenceCountingTest" time="0.0"/>
  <testcase name="the live output that was rejected as five sentences is accepted()" classname="com.example.coachserver.SentenceCountingTest" time="0.001"/>
  <testcase name="move numbers inside a sentence do not split it()" classname="com.example.coachserver.SentenceCountingTest" time="0.001"/>
  <testcase name="an over-long answer is still rejected()" classname="com.example.coachserver.SentenceCountingTest" time="0.0"/>
  <system-out><![CDATA[]]></system-out>
  <system-err><![CDATA[]]></system-err>
</testsuite>
