<?xml version="1.0" encoding="UTF-8"?>
<testsuite name="com.example.coachserver.LineNarratorTest" tests="9" skipped="0" failures="0" errors="0" timestamp="2026-08-06T03:25:53.799Z" hostname="runnervmvrwv9" time="0.516">
  <properties/>
  <testcase name="distinct lines across the corpus mostly say distinct things()" classname="com.example.coachserver.LineNarratorTest" time="0.161"/>
  <testcase name="a completed fianchetto is named, a bare flank pawn move is not()" classname="com.example.coachserver.LineNarratorTest" time="0.001"/>
  <testcase name="castling after a central exchange does not claim the centre is closed()" classname="com.example.coachserver.LineNarratorTest" time="0.001"/>
  <testcase name="rows in the same ECO no longer open with the same sentence()" classname="com.example.coachserver.LineNarratorTest" time="0.135"/>
  <testcase name="the base line of an opening gets no line sentence()" classname="com.example.coachserver.LineNarratorTest" time="0.001"/>
  <testcase name="every sentence fits the window the composers truncate at()" classname="com.example.coachserver.LineNarratorTest" time="0.108"/>
  <testcase name="no generated sentence evaluates the position()" classname="com.example.coachserver.LineNarratorTest" time="0.105"/>
  <testcase name="a king move states only the move it proves()" classname="com.example.coachserver.LineNarratorTest" time="0.001"/>
  <testcase name="a later king move does not claim to newly give up castling()" classname="com.example.coachserver.LineNarratorTest" time="0.001"/>
  <system-out><![CDATA[]]></system-out>
  <system-err><![CDATA[]]></system-err>
</testsuite>
