<?xml version="1.0" encoding="UTF-8"?>
<testsuite name="com.example.coachserver.OpeningServiceTest" tests="7" skipped="0" failures="0" errors="0" timestamp="2026-08-06T03:26:07.252Z" hostname="runnervmvrwv9" time="0.011">
  <properties/>
  <testcase name="query uses only the first twelve SAN moves()" classname="com.example.coachserver.OpeningServiceTest" time="0.001"/>
  <testcase name="eco is kept out of the embedding text and passed as a structured filter instead()" classname="com.example.coachserver.OpeningServiceTest" time="0.0"/>
  <testcase name="provider budget rejects a request above the configured cost ceiling()" classname="com.example.coachserver.OpeningServiceTest" time="0.0"/>
  <testcase name="template composer emits grounded deterministic prose()" classname="com.example.coachserver.OpeningServiceTest" time="0.0"/>
  <testcase name="invalid llm prose falls back to the template()" classname="com.example.coachserver.OpeningServiceTest" time="0.001"/>
  <testcase name="explain forwards the moves and the resolved eco to the composer()" classname="com.example.coachserver.OpeningServiceTest" time="0.002"/>
  <testcase name="unsupported llm certainty falls back even when it cites a source()" classname="com.example.coachserver.OpeningServiceTest" time="0.004"/>
  <system-out><![CDATA[]]></system-out>
  <system-err><![CDATA[]]></system-err>
</testsuite>
