<?xml version="1.0" encoding="UTF-8"?>
<testsuite name="com.example.coachserver.SchemaStatementsTest" tests="2" skipped="0" failures="0" errors="0" timestamp="2026-08-06T03:26:08.734Z" hostname="runnervmvrwv9" time="0.002">
  <properties/>
  <testcase name="a semicolon inside a comment does not become a statement()" classname="com.example.coachserver.SchemaStatementsTest" time="0.001"/>
  <testcase name="the checked in schema parses into executable statements only()" classname="com.example.coachserver.SchemaStatementsTest" time="0.001"/>
  <system-out><![CDATA[]]></system-out>
  <system-err><![CDATA[]]></system-err>
</testsuite>
